<?xml version="1.0" encoding="UTF-8"?>
<testsuite xmlns:xsi="http://www.w3.org/2001/XMLSchema-instance" xsi:noNamespaceSchemaLocation="https://maven.apache.org/surefire/maven-surefire-plugin/xsd/surefire-test-report-3.0.xsd" version="3.0" name="ChessModelTest" time="0.068" tests="5" errors="0" skipped="0" failures="0">
  <properties>
[...]
</properties>
  <testcase name="testInitializeBoard" classname="ChessModelTest" time="0.029"/>
  <testcase name="testIsSolved_solvedState" classname="ChessModelTest" time="0.001"/>
  <testcase name="testIsSolved_initialState" classname="ChessModelTest" time="0.001"/>
  <testcase name="testSetSquare" classname="ChessModelTest" time="0.001"/>
  <testcase name="testGetSquare" classname="ChessModelTest" time="0.001"/>
</testsuite>